# JRE version: Java(TM) SE Runtime Environment (8.0_20-b26) (build 1.8.0_20-b26)
# Java VM: Java HotSpot(TM) 64-Bit Server VM (25.20-b23 mixed mode windows-amd64 compressed oops)
Heap:
 PSYoungGen      total 20992K, used 16912K [0x00000000ebb80000, 0x00000000ed900000, 0x0000000100000000)
  eden space 14848K, 73% used [0x00000000ebb80000,0x00000000ec62f6e0,0x00000000eca00000)
  from space 6144K, 97% used [0x00000000ed100000,0x00000000ed6d4bb8,0x00000000ed700000)
  to   space 7168K, 0% used [0x00000000eca00000,0x00000000eca00000,0x00000000ed100000)
 ParOldGen       total 42496K, used 8838K [0x00000000c3200000, 0x00000000c5b80000, 0x00000000ebb80000)
  object space 42496K, 20% used [0x00000000c3200000,0x00000000c3aa1b00,0x00000000c5b80000)
 Metaspace       used 18578K, capacity 18782K, committed 19200K, reserved 1067008K
  class space    used 2180K, capacity 2231K, committed 2304K, reserved 1048576K
GC Heap History (10 events):
Event: 13.832 GC heap before
{Heap before GC invocations=2 (full 0):
 PSYoungGen      total 18432K, used 18430K [0x00000000ebb80000, 0x00000000ed000000, 0x0000000100000000)
  eden space 15872K, 100% used [0x00000000ebb80000,0x00000000ecb00000,0x00000000ecb00000)
  from space 2560K, 99% used [0x00000000ecb00000,0x00000000ecd7fba8,0x00000000ecd80000)
  to   space 2560K, 0% used [0x00000000ecd80000,0x00000000ecd80000,0x00000000ed000000)
 ParOldGen       total 42496K, used 1489K [0x00000000c3200000, 0x00000000c5b80000, 0x00000000ebb80000)
  object space 42496K, 3% used [0x00000000c3200000,0x00000000c3374570,0x00000000c5b80000)
 Metaspace       used 14267K, capacity 14528K, committed 14848K, reserved 1062912K
  class space    used 1724K, capacity 1778K, committed 1792K, reserved 1048576K
Event: 13.878 GC heap after
Heap after GC invocations=2 (full 0):
 PSYoungGen      total 18432K, used 2546K [0x00000000ebb80000, 0x00000000edf80000, 0x0000000100000000)
  eden space 15872K, 0% used [0x00000000ebb80000,0x00000000ebb80000,0x00000000ecb00000)
  from space 2560K, 99% used [0x00000000ecd80000,0x00000000ecffcaf0,0x00000000ed000000)
  to   space 2560K, 0% used [0x00000000ecb00000,0x00000000ecb00000,0x00000000ecd80000)
 ParOldGen       total 42496K, used 2594K [0x00000000c3200000, 0x00000000c5b80000, 0x00000000ebb80000)
  object space 42496K, 6% used [0x00000000c3200000,0x00000000c3488970,0x00000000c5b80000)
 Metaspace       used 14267K, capacity 14528K, committed 14848K, reserved 1062912K
  class space    used 1724K, capacity 1778K, committed 1792K, reserved 1048576K
}
Event: 22.588 GC heap before
{Heap before GC invocations=3 (full 0):
 PSYoungGen      total 18432K, used 18418K [0x00000000ebb80000, 0x00000000edf80000, 0x0000000100000000)
  eden space 15872K, 100% used [0x00000000ebb80000,0x00000000ecb00000,0x00000000ecb00000)
  from space 2560K, 99% used [0x00000000ecd80000,0x00000000ecffcaf0,0x00000000ed000000)
  to   space 2560K, 0% used [0x00000000ecb00000,0x00000000ecb00000,0x00000000ecd80000)
 ParOldGen       total 42496K, used 2594K [0x00000000c3200000, 0x00000000c5b80000, 0x00000000ebb80000)
  object space 42496K, 6% used [0x00000000c3200000,0x00000000c3488970,0x00000000c5b80000)
 Metaspace       used 15822K, capacity 16040K, committed 16384K, reserved 1062912K
  class space    used 1927K, capacity 2002K, committed 2048K, reserved 1048576K
Event: 22.604 GC heap after
Heap after GC invocations=3 (full 0):
 PSYoungGen      total 18432K, used 2548K [0x00000000ebb80000, 0x00000000ed000000, 0x0000000100000000)
  eden space 15872K, 0% used [0x00000000ebb80000,0x00000000ebb80000,0x00000000ecb00000)
  from space 2560K, 99% used [0x00000000ecb00000,0x00000000ecd7d098,0x00000000ecd80000)
  to   space 2560K, 0% used [0x00000000ecd80000,0x00000000ecd80000,0x00000000ed000000)
 ParOldGen       total 42496K, used 6198K [0x00000000c3200000, 0x00000000c5b80000, 0x00000000ebb80000)
  object space 42496K, 14% used [0x00000000c3200000,0x00000000c380d9c8,0x00000000c5b80000)
 Metaspace       used 15822K, capacity 16040K, committed 16384K, reserved 1062912K
  class space    used 1927K, capacity 2002K, committed 2048K, reserved 1048576K
}
Event: 25.346 GC heap before
{Heap before GC invocations=4 (full 0):
 PSYoungGen      total 18432K, used 18420K [0x00000000ebb80000, 0x00000000ed000000, 0x0000000100000000)
  eden space 15872K, 100% used [0x00000000ebb80000,0x00000000ecb00000,0x00000000ecb00000)
  from space 2560K, 99% used [0x00000000ecb00000,0x00000000ecd7d098,0x00000000ecd80000)
  to   space 2560K, 0% used [0x00000000ecd80000,0x00000000ecd80000,0x00000000ed000000)
 ParOldGen       total 42496K, used 6198K [0x00000000c3200000, 0x00000000c5b80000, 0x00000000ebb80000)
  object space 42496K, 14% used [0x00000000c3200000,0x00000000c380d9c8,0x00000000c5b80000)
 Metaspace       used 16884K, capacity 17178K, committed 17536K, reserved 1064960K
  class space    used 2086K, capacity 2165K, committed 2176K, reserved 1048576K
Event: 25.356 GC heap after
Heap after GC invocations=4 (full 0):
 PSYoungGen      total 18432K, used 2559K [0x00000000ebb80000, 0x00000000ed000000, 0x0000000100000000)
  eden space 15872K, 0% used [0x00000000ebb80000,0x00000000ebb80000,0x00000000ecb00000)
  from space 2560K, 99% used [0x00000000ecd80000,0x00000000ecfffca0,0x00000000ed000000)
  to   space 2560K, 0% used [0x00000000ecb00000,0x00000000ecb00000,0x00000000ecd80000)
 ParOldGen       total 42496K, used 7102K [0x00000000c3200000, 0x00000000c5b80000, 0x00000000ebb80000)
  object space 42496K, 16% used [0x00000000c3200000,0x00000000c38efa40,0x00000000c5b80000)
 Metaspace       used 16884K, capacity 17178K, committed 17536K, reserved 1064960K
  class space    used 2086K, capacity 2165K, committed 2176K, reserved 1048576K
}
Event: 31.349 GC heap before
{Heap before GC invocations=5 (full 0):
 PSYoungGen      total 18432K, used 18431K [0x00000000ebb80000, 0x00000000ed000000, 0x0000000100000000)
  eden space 15872K, 100% used [0x00000000ebb80000,0x00000000ecb00000,0x00000000ecb00000)
  from space 2560K, 99% used [0x00000000ecd80000,0x00000000ecfffca0,0x00000000ed000000)
  to   space 2560K, 0% used [0x00000000ecb00000,0x00000000ecb00000,0x00000000ecd80000)
 ParOldGen       total 42496K, used 7102K [0x00000000c3200000, 0x00000000c5b80000, 0x00000000ebb80000)
  object space 42496K, 16% used [0x00000000c3200000,0x00000000c38efa40,0x00000000c5b80000)
 Metaspace       used 17445K, capacity 17758K, committed 18176K, reserved 1064960K
  class space    used 2152K, capacity 2231K, committed 2304K, reserved 1048576K
Event: 31.371 GC heap after
Heap after GC invocations=5 (full 0):
 PSYoungGen      total 18432K, used 2549K [0x00000000ebb80000, 0x00000000ed700000, 0x0000000100000000)
  eden space 15872K, 0% used [0x00000000ebb80000,0x00000000ebb80000,0x00000000ecb00000)
  from space 2560K, 99% used [0x00000000ecb00000,0x00000000ecd7d778,0x00000000ecd80000)
  to   space 6144K, 0% used [0x00000000ed100000,0x00000000ed100000,0x00000000ed700000)
 ParOldGen       total 42496K, used 8115K [0x00000000c3200000, 0x00000000c5b80000, 0x00000000ebb80000)
  object space 42496K, 19% used [0x00000000c3200000,0x00000000c39ecfa8,0x00000000c5b80000)
 Metaspace       used 17445K, capacity 17758K, committed 18176K, reserved 1064960K
  class space    used 2152K, capacity 2231K, committed 2304K, reserved 1048576K
}
Event: 46.515 GC heap before
{Heap before GC invocations=6 (full 0):
 PSYoungGen      total 18432K, used 18421K [0x00000000ebb80000, 0x00000000ed700000, 0x0000000100000000)
  eden space 15872K, 100% used [0x00000000ebb80000,0x00000000ecb00000,0x00000000ecb00000)
  from space 2560K, 99% used [0x00000000ecb00000,0x00000000ecd7d778,0x00000000ecd80000)
  to   space 6144K, 0% used [0x00000000ed100000,0x00000000ed100000,0x00000000ed700000)
 ParOldGen       total 42496K, used 8149K [0x00000000c3200000, 0x00000000c5b80000, 0x00000000ebb80000)
  object space 42496K, 19% used [0x00000000c3200000,0x00000000c39f55c8,0x00000000c5b80000)
 Metaspace       used 18330K, capacity 18590K, committed 18944K, reserved 1067008K
  class space    used 2180K, capacity 2231K, committed 2304K, reserved 1048576K
Event: 46.530 GC heap after
Heap after GC invocations=6 (full 0):
 PSYoungGen      total 20992K, used 5970K [0x00000000ebb80000, 0x00000000ed900000, 0x0000000100000000)
  eden space 14848K, 0% used [0x00000000ebb80000,0x00000000ebb80000,0x00000000eca00000)
  from space 6144K, 97% used [0x00000000ed100000,0x00000000ed6d4bb8,0x00000000ed700000)
  to   space 7168K, 0% used [0x00000000eca00000,0x00000000eca00000,0x00000000ed100000)
 ParOldGen       total 42496K, used 8838K [0x00000000c3200000, 0x00000000c5b80000, 0x00000000ebb80000)
  object space 42496K, 20% used [0x00000000c3200000,0x00000000c3aa1b00,0x00000000c5b80000)
 Metaspace       used 18330K, capacity 18590K, committed 18944K, reserved 1067008K
  class space    used 2180K, capacity 2231K, committed 2304K, reserved 1048576K
}

